<?xml version="1.0" encoding="UTF-8"?>
<!-- Generated by org.testng.reporters.JUnitReportReporter -->
<testsuite hostname="DESKTOP-UM024SO" failures="0" tests="4" name="testCases.TC_003_LoginDataDDT" time="42.424" errors="0" timestamp="2022-01-03T11:37:12 EST" skipped="0">
  <testcase classname="testCases.TC_003_LoginDataDDT" name="test_LoginDDT" time="12.371"/>
  <system-out/>
  <testcase classname="testCases.TC_003_LoginDataDDT" name="test_LoginDDT" time="12.065"/>
  <system-out/>
  <testcase classname="testCases.TC_003_LoginDataDDT" name="test_LoginDDT" time="5.991"/>
  <system-out/>
  <testcase classname="testCases.TC_003_LoginDataDDT" name="test_LoginDDT" time="11.997"/>
  <system-out/>
</testsuite> <!-- testCases.TC_003_LoginDataDDT -->
