<?xml version="1.0" encoding="UTF-8"?>
<!-- Generated by org.testng.reporters.JUnitReportReporter -->
<testsuite hostname="DESKTOP-UM024SO" failures="0" tests="2" name="testCases.TC_004_Search" time="11.254" errors="0" timestamp="2022-01-03T23:38:00 EST" skipped="0">
  <testcase classname="testCases.TC_004_Search" name="Test_Search_Exists" time="6.204"/>
  <system-out/>
  <testcase classname="testCases.TC_004_Search" name="Test_Search_NotExists" time="5.050"/>
  <system-out/>
</testsuite> <!-- testCases.TC_004_Search -->
