<?xml version="1.0" encoding="UTF-8"?>
<!-- Generated by org.testng.reporters.JUnitReportReporter -->
<testsuite hostname="DESKTOP-UM024SO" failures="0" tests="1" name="testCases.TC_002_Login" time="3.428" errors="0" timestamp="2022-01-03T12:05:50 EST" skipped="0">
  <testcase classname="testCases.TC_002_Login" name="Test_Login" time="3.428"/>
  <system-out/>
</testsuite> <!-- testCases.TC_002_Login -->
