<?xml version="1.0" encoding="UTF-8"?>
<!-- Generated by org.testng.reporters.JUnitReportReporter -->
<testsuite hostname="DESKTOP-UM024SO" failures="0" tests="1" name="testCases.TC_001_AccountRegistration" time="3.180" errors="0" timestamp="2022-01-05T15:35:19 EST" skipped="0">
  <testcase classname="testCases.TC_001_AccountRegistration" name="Test_Account_Registration" time="3.180"/>
  <system-out/>
</testsuite> <!-- testCases.TC_001_AccountRegistration -->
