<?xml version="1.0" encoding="UTF-8"?>
<!-- Generated by org.testng.reporters.JUnitReportReporter -->
<testsuite hostname="DESKTOP-UM024SO" failures="0" tests="1" name="testCases.TC_002_Login" time="2.600" errors="0" timestamp="2022-01-05T15:35:19 EST" skipped="0">
  <testcase classname="testCases.TC_002_Login" name="Test_Login" time="2.600"/>
  <system-out/>
</testsuite> <!-- testCases.TC_002_Login -->
